<?xml version="1.0" encoding="UTF-8"?>
<coverage generated="1580189936827" clover="3.2.0">
  <project timestamp="1580189936827" name="All files">
    <metrics statements="27" coveredstatements="23" conditionals="8" coveredconditionals="5" methods="10" coveredmethods="10" elements="45" coveredelements="38" complexity="0" loc="27" ncloc="27" packages="2" files="6" classes="6"/>
    <package name="src">
      <metrics statements="2" coveredstatements="0" conditionals="0" coveredconditionals="0" methods="0" coveredmethods="0"/>
      <file name="index.js" path="/Users/ychavan/Documents/Projects/todo_list_with_localstorage-master/src/index.js">
        <metrics statements="2" coveredstatements="0" conditionals="0" coveredconditionals="0" methods="0" coveredmethods="0"/>
        <line num="7" count="0" type="stmt"/>
        <line num="8" count="0" type="stmt"/>
      </file>
    </package>
    <package name="src.components">
      <metrics statements="25" coveredstatements="23" conditionals="8" coveredconditionals="5" methods="10" coveredmethods="10"/>
      <file name="AddTodo.js" path="/Users/ychavan/Documents/Projects/todo_list_with_localstorage-master/src/components/AddTodo.js">
        <metrics statements="2" coveredstatements="2" conditionals="0" coveredconditionals="0" methods="1" coveredmethods="1"/>
        <line num="4" count="2" type="stmt"/>
        <line num="5" count="2" type="stmt"/>
      </file>
      <file name="Header.js" path="/Users/ychavan/Documents/Projects/todo_list_with_localstorage-master/src/components/Header.js">
        <metrics statements="2" coveredstatements="2" conditionals="0" coveredconditionals="0" methods="1" coveredmethods="1"/>
        <line num="3" count="2" type="stmt"/>
        <line num="4" count="1" type="stmt"/>
      </file>
      <file name="TodoItem.js" path="/Users/ychavan/Documents/Projects/todo_list_with_localstorage-master/src/components/TodoItem.js">
        <metrics statements="2" coveredstatements="2" conditionals="0" coveredconditionals="0" methods="1" coveredmethods="1"/>
        <line num="3" count="3" type="stmt"/>
        <line num="4" count="1" type="stmt"/>
      </file>
      <file name="TodoList.js" path="/Users/ychavan/Documents/Projects/todo_list_with_localstorage-master/src/components/TodoList.js">
        <metrics statements="16" coveredstatements="14" conditionals="6" coveredconditionals="3" methods="5" coveredmethods="5"/>
        <line num="7" count="1" type="stmt"/>
        <line num="11" count="1" type="stmt"/>
        <line num="12" count="1" type="cond" truecount="1" falsecount="1"/>
        <line num="13" count="0" type="stmt"/>
        <line num="14" count="0" type="stmt"/>
        <line num="18" count="1" type="stmt"/>
        <line num="19" count="1" type="cond" truecount="1" falsecount="1"/>
        <line num="20" count="1" type="stmt"/>
        <line num="21" count="1" type="stmt"/>
        <line num="24" count="1" type="stmt"/>
        <line num="25" count="1" type="stmt"/>
        <line num="26" count="1" type="stmt"/>
        <line num="27" count="1" type="cond" truecount="1" falsecount="1"/>
        <line num="28" count="1" type="stmt"/>
        <line num="31" count="1" type="stmt"/>
        <line num="35" count="2" type="stmt"/>
      </file>
      <file name="TodoLists.js" path="/Users/ychavan/Documents/Projects/todo_list_with_localstorage-master/src/components/TodoLists.js">
        <metrics statements="3" coveredstatements="3" conditionals="2" coveredconditionals="2" methods="2" coveredmethods="2"/>
        <line num="4" count="2" type="stmt"/>
        <line num="5" count="2" type="stmt"/>
        <line num="9" count="2" type="stmt"/>
      </file>
    </package>
  </project>
</coverage>
