{"/Users/ychavan/Documents/Projects/todo_list_with_localstorage-master/src/index.js": {"path":"/Users/ychavan/Documents/Projects/todo_list_with_localstorage-master/src/index.js","statementMap":{"0":{"start":{"line":7,"column":20},"end":{"line":7,"column":51}},"1":{"start":{"line":8,"column":0},"end":{"line":8,"column":43}}},"fnMap":{},"branchMap":{},"s":{"0":0,"1":0},"f":{},"b":{},"hash":"51fc52b5da0f4719bba411edcb7d2c4e70fd7f61"}
,"/Users/ychavan/Documents/Projects/todo_list_with_localstorage-master/src/components/AddTodo.js": {"path":"/Users/ychavan/Documents/Projects/todo_list_with_localstorage-master/src/components/AddTodo.js","statementMap":{"0":{"start":{"line":4,"column":16},"end":{"line":16,"column":1}},"1":{"start":{"line":5,"column":2},"end":{"line":15,"column":4}}},"fnMap":{"0":{"name":"(anonymous_0)","decl":{"start":{"line":4,"column":16},"end":{"line":4,"column":17}},"loc":{"start":{"line":4,"column":25},"end":{"line":16,"column":1}},"line":4}},"branchMap":{},"s":{"0":2,"1":2},"f":{"0":2},"b":{},"_coverageSchema":"43e27e138ebf9cfc5966b082cf9a028302ed4184","hash":"71d756897f61846dc9ff1f1e17b91f3121582516"}
,"/Users/ychavan/Documents/Projects/todo_list_with_localstorage-master/src/components/Header.js": {"path":"/Users/ychavan/Documents/Projects/todo_list_with_localstorage-master/src/components/Header.js","statementMap":{"0":{"start":{"line":3,"column":15},"end":{"line":5,"column":1}},"1":{"start":{"line":4,"column":2},"end":{"line":4,"column":32}}},"fnMap":{"0":{"name":"(anonymous_0)","decl":{"start":{"line":3,"column":15},"end":{"line":3,"column":16}},"loc":{"start":{"line":3,"column":21},"end":{"line":5,"column":1}},"line":3}},"branchMap":{},"s":{"0":2,"1":1},"f":{"0":1},"b":{},"_coverageSchema":"43e27e138ebf9cfc5966b082cf9a028302ed4184","hash":"fff45d0920318cbce3584d3d56b671f5a13bf759"}
,"/Users/ychavan/Documents/Projects/todo_list_with_localstorage-master/src/components/TodoItem.js": {"path":"/Users/ychavan/Documents/Projects/todo_list_with_localstorage-master/src/components/TodoItem.js","statementMap":{"0":{"start":{"line":3,"column":17},"end":{"line":9,"column":1}},"1":{"start":{"line":4,"column":2},"end":{"line":8,"column":4}}},"fnMap":{"0":{"name":"(anonymous_0)","decl":{"start":{"line":3,"column":17},"end":{"line":3,"column":18}},"loc":{"start":{"line":3,"column":26},"end":{"line":9,"column":1}},"line":3}},"branchMap":{},"s":{"0":3,"1":1},"f":{"0":1},"b":{},"_coverageSchema":"43e27e138ebf9cfc5966b082cf9a028302ed4184","hash":"1a270f372ed31d04a466e376f26fb03884bf087e"}
,"/Users/ychavan/Documents/Projects/todo_list_with_localstorage-master/src/components/TodoList.js": {"path":"/Users/ychavan/Documents/Projects/todo_list_with_localstorage-master/src/components/TodoList.js","statementMap":{"0":{"start":{"line":7,"column":10},"end":{"line":9,"column":3}},"1":{"start":{"line":11,"column":18},"end":{"line":11,"column":47}},"2":{"start":{"line":12,"column":4},"end":{"line":15,"column":5}},"3":{"start":{"line":13,"column":25},"end":{"line":13,"column":42}},"4":{"start":{"line":14,"column":6},"end":{"line":14,"column":43}},"5":{"start":{"line":18,"column":22},"end":{"line":18,"column":32}},"6":{"start":{"line":19,"column":4},"end":{"line":22,"column":5}},"7":{"start":{"line":20,"column":19},"end":{"line":20,"column":40}},"8":{"start":{"line":21,"column":6},"end":{"line":21,"column":42}},"9":{"start":{"line":24,"column":18},"end":{"line":33,"column":3}},"10":{"start":{"line":25,"column":4},"end":{"line":25,"column":27}},"11":{"start":{"line":26,"column":17},"end":{"line":26,"column":47}},"12":{"start":{"line":27,"column":4},"end":{"line":32,"column":5}},"13":{"start":{"line":28,"column":6},"end":{"line":30,"column":10}},"14":{"start":{"line":28,"column":34},"end":{"line":30,"column":7}},"15":{"start":{"line":31,"column":6},"end":{"line":31,"column":35}},"16":{"start":{"line":35,"column":4},"end":{"line":41,"column":6}}},"fnMap":{"0":{"name":"(anonymous_0)","decl":{"start":{"line":10,"column":2},"end":{"line":10,"column":3}},"loc":{"start":{"line":10,"column":22},"end":{"line":16,"column":3}},"line":10},"1":{"name":"(anonymous_1)","decl":{"start":{"line":17,"column":2},"end":{"line":17,"column":3}},"loc":{"start":{"line":17,"column":43},"end":{"line":23,"column":3}},"line":17},"2":{"name":"(anonymous_2)","decl":{"start":{"line":24,"column":18},"end":{"line":24,"column":19}},"loc":{"start":{"line":24,"column":27},"end":{"line":33,"column":3}},"line":24},"3":{"name":"(anonymous_3)","decl":{"start":{"line":28,"column":20},"end":{"line":28,"column":21}},"loc":{"start":{"line":28,"column":34},"end":{"line":30,"column":7}},"line":28},"4":{"name":"(anonymous_4)","decl":{"start":{"line":34,"column":2},"end":{"line":34,"column":3}},"loc":{"start":{"line":34,"column":11},"end":{"line":42,"column":3}},"line":34}},"branchMap":{"0":{"loc":{"start":{"line":12,"column":4},"end":{"line":15,"column":5}},"type":"if","locations":[{"start":{"line":12,"column":4},"end":{"line":15,"column":5}},{"start":{"line":12,"column":4},"end":{"line":15,"column":5}}],"line":12},"1":{"loc":{"start":{"line":19,"column":4},"end":{"line":22,"column":5}},"type":"if","locations":[{"start":{"line":19,"column":4},"end":{"line":22,"column":5}},{"start":{"line":19,"column":4},"end":{"line":22,"column":5}}],"line":19},"2":{"loc":{"start":{"line":27,"column":4},"end":{"line":32,"column":5}},"type":"if","locations":[{"start":{"line":27,"column":4},"end":{"line":32,"column":5}},{"start":{"line":27,"column":4},"end":{"line":32,"column":5}}],"line":27}},"s":{"0":1,"1":1,"2":1,"3":0,"4":0,"5":1,"6":1,"7":1,"8":1,"9":1,"10":1,"11":1,"12":1,"13":1,"14":1,"15":1,"16":2},"f":{"0":1,"1":1,"2":1,"3":1,"4":2},"b":{"0":[0,1],"1":[1,0],"2":[1,0]},"_coverageSchema":"43e27e138ebf9cfc5966b082cf9a028302ed4184","hash":"b4edc1f1f8083dd240ac033933664dd7cfa3893e"}
,"/Users/ychavan/Documents/Projects/todo_list_with_localstorage-master/src/components/TodoLists.js": {"path":"/Users/ychavan/Documents/Projects/todo_list_with_localstorage-master/src/components/TodoLists.js","statementMap":{"0":{"start":{"line":4,"column":18},"end":{"line":13,"column":1}},"1":{"start":{"line":5,"column":2},"end":{"line":12,"column":4}},"2":{"start":{"line":9,"column":8},"end":{"line":9,"column":53}}},"fnMap":{"0":{"name":"(anonymous_0)","decl":{"start":{"line":4,"column":18},"end":{"line":4,"column":19}},"loc":{"start":{"line":4,"column":27},"end":{"line":13,"column":1}},"line":4},"1":{"name":"(anonymous_1)","decl":{"start":{"line":8,"column":23},"end":{"line":8,"column":24}},"loc":{"start":{"line":9,"column":8},"end":{"line":9,"column":53}},"line":9}},"branchMap":{"0":{"loc":{"start":{"line":7,"column":7},"end":{"line":7,"column":74}},"type":"binary-expr","locations":[{"start":{"line":7,"column":7},"end":{"line":7,"column":31}},{"start":{"line":7,"column":35},"end":{"line":7,"column":74}}],"line":7}},"s":{"0":2,"1":2,"2":2},"f":{"0":2,"1":2},"b":{"0":[2,1]},"_coverageSchema":"43e27e138ebf9cfc5966b082cf9a028302ed4184","hash":"4cdd62c76d97e9fd570c700bea8dc2e84b3163c4"}
}
