TN:
SF:/Users/ychavan/Documents/Projects/todo_list_with_localstorage-master/src/index.js
FNF:0
FNH:0
DA:7,0
DA:8,0
LF:2
LH:0
BRF:0
BRH:0
end_of_record
TN:
SF:/Users/ychavan/Documents/Projects/todo_list_with_localstorage-master/src/components/AddTodo.js
FN:4,(anonymous_0)
FNF:1
FNH:1
FNDA:2,(anonymous_0)
DA:4,2
DA:5,2
LF:2
LH:2
BRF:0
BRH:0
end_of_record
TN:
SF:/Users/ychavan/Documents/Projects/todo_list_with_localstorage-master/src/components/Header.js
FN:3,(anonymous_0)
FNF:1
FNH:1
FNDA:1,(anonymous_0)
DA:3,2
DA:4,1
LF:2
LH:2
BRF:0
BRH:0
end_of_record
TN:
SF:/Users/ychavan/Documents/Projects/todo_list_with_localstorage-master/src/components/TodoItem.js
FN:3,(anonymous_0)
FNF:1
FNH:1
FNDA:1,(anonymous_0)
DA:3,3
DA:4,1
LF:2
LH:2
BRF:0
BRH:0
end_of_record
TN:
SF:/Users/ychavan/Documents/Projects/todo_list_with_localstorage-master/src/components/TodoList.js
FN:10,(anonymous_0)
FN:17,(anonymous_1)
FN:24,(anonymous_2)
FN:28,(anonymous_3)
FN:34,(anonymous_4)
FNF:5
FNH:5
FNDA:1,(anonymous_0)
FNDA:1,(anonymous_1)
FNDA:1,(anonymous_2)
FNDA:1,(anonymous_3)
FNDA:2,(anonymous_4)
DA:7,1
DA:11,1
DA:12,1
DA:13,0
DA:14,0
DA:18,1
DA:19,1
DA:20,1
DA:21,1
DA:24,1
DA:25,1
DA:26,1
DA:27,1
DA:28,1
DA:31,1
DA:35,2
LF:16
LH:14
BRDA:12,0,0,0
BRDA:12,0,1,1
BRDA:19,1,0,1
BRDA:19,1,1,0
BRDA:27,2,0,1
BRDA:27,2,1,0
BRF:6
BRH:3
end_of_record
TN:
SF:/Users/ychavan/Documents/Projects/todo_list_with_localstorage-master/src/components/TodoLists.js
FN:4,(anonymous_0)
FN:8,(anonymous_1)
FNF:2
FNH:2
FNDA:2,(anonymous_0)
FNDA:2,(anonymous_1)
DA:4,2
DA:5,2
DA:9,2
LF:3
LH:3
BRDA:7,0,0,2
BRDA:7,0,1,1
BRF:2
BRH:2
end_of_record
